<?xml version="1.0" encoding="UTF-8"?>
<!-- Generated by org.testng.reporters.JUnitReportReporter -->
<testsuite name="com.example.Functional" tests="3" time="0.006" ignored="0" failures="0" timestamp="13 Aug 2021 05:38:39 GMT" skipped="0" hostname="LP-PF2YT3M4" errors="0">
  <testcase name="Sample5" time="0.002" classname="com.example.Functional"/>
  <testcase name="Sample6" time="0.002" classname="com.example.Functional"/>
  <testcase name="Sample4" time="0.002" classname="com.example.Functional"/>
</testsuite> <!-- com.example.Functional -->
