<?xml version="1.0" encoding="UTF-8"?>
<!-- Generated by org.testng.reporters.JUnitReportReporter -->
<testsuite name="com.example.CalcTest" tests="6" time="0.012" ignored="0" failures="0" timestamp="04 Aug 2021 10:03:41 GMT" skipped="0" hostname="LP-PF2YT3M4" errors="0">
  <testcase name="add" time="0.007" classname="com.example.CalcTest"/>
  <testcase name="add" time="0.001" classname="com.example.CalcTest"/>
  <testcase name="sub" time="0.001" classname="com.example.CalcTest"/>
  <testcase name="add" time="0.001" classname="com.example.CalcTest"/>
  <testcase name="contatenateString" time="0.001" classname="com.example.CalcTest"/>
  <testcase name="stringlength" time="0.001" classname="com.example.CalcTest"/>
</testsuite> <!-- com.example.CalcTest -->
