<?xml version="1.0" encoding="UTF-8"?>
<!-- Generated by org.testng.reporters.JUnitReportReporter -->
<testsuite name="com.example.Ignore" tests="2" time="0.015" ignored="1" failures="0" timestamp="04 Aug 2021 14:00:32 GMT" skipped="0" hostname="LP-PF2YT3M4" errors="0">
  <testcase name="Sample5" time="0.013" classname="com.example.Ignore"/>
  <testcase name="Sample6" time="0.002" classname="com.example.Ignore"/>
  <testcase name="Sample4" classname="com.example.Ignore">
    <skipped/>
  </testcase> <!-- Sample4 -->
</testsuite> <!-- com.example.Ignore -->
