<?xml version="1.0" encoding="UTF-8"?>
<!-- Generated by org.testng.reporters.JUnitReportReporter -->
<testsuite name="com.example.Priority" tests="3" time="0.006" ignored="0" failures="0" timestamp="05 Aug 2021 11:19:30 GMT" skipped="0" hostname="LP-PF2YT3M4" errors="0">
  <testcase name="Sample1" time="0.001" classname="com.example.Priority"/>
  <testcase name="Sample3" time="0.004" classname="com.example.Priority"/>
  <testcase name="Sample2" time="0.001" classname="com.example.Priority"/>
</testsuite> <!-- com.example.Priority -->
