<?xml version="1.0" encoding="UTF-8"?>
<!-- Generated by org.testng.reporters.JUnitReportReporter -->
<testsuite name="com.example.DependsOn" tests="4" time="0.017" ignored="0" failures="0" timestamp="04 Aug 2021 16:52:21 GMT" skipped="0" hostname="LP-PF2YT3M4" errors="0">
  <testcase name="Sample6" time="0.002" classname="com.example.DependsOn"/>
  <testcase name="Sample7" time="0.001" classname="com.example.DependsOn"/>
  <testcase name="Sample4" time="0.012" classname="com.example.DependsOn"/>
  <testcase name="Sample5" time="0.002" classname="com.example.DependsOn"/>
</testsuite> <!-- com.example.DependsOn -->
