<?xml version="1.0" encoding="UTF-8"?>
<!-- Generated by org.testng.reporters.JUnitReportReporter -->
<testsuite name="com.example.Test2" tests="3" time="0.015" ignored="0" failures="0" timestamp="03 Aug 2021 17:56:43 GMT" skipped="0" hostname="LP-PF2YT3M4" errors="0">
  <testcase name="Sample4" time="0.008" classname="com.example.Test2"/>
  <testcase name="Sample5" time="0.004" classname="com.example.Test2"/>
  <testcase name="Sample6" time="0.003" classname="com.example.Test2"/>
</testsuite> <!-- com.example.Test2 -->
