<?xml version="1.0" encoding="UTF-8"?>
<!-- Generated by org.testng.reporters.JUnitReportReporter -->
<testsuite name="com.example.Timeout" tests="1" time="2.011" ignored="0" failures="0" timestamp="04 Aug 2021 15:19:35 GMT" skipped="0" hostname="LP-PF2YT3M4" errors="0">
  <testcase name="synchronize" time="2.011" classname="com.example.Timeout"/>
</testsuite> <!-- com.example.Timeout -->
