<?xml version="1.0" encoding="UTF-8"?>
<!-- Generated by org.testng.reporters.JUnitReportReporter -->
<testsuite name="com.example.Test1" tests="3" time="0.011" ignored="0" failures="0" timestamp="03 Aug 2021 17:56:43 GMT" skipped="0" hostname="LP-PF2YT3M4" errors="0">
  <testcase name="Sample2" time="0.002" classname="com.example.Test1"/>
  <testcase name="Sample1" time="0.006" classname="com.example.Test1"/>
  <testcase name="Sample3" time="0.003" classname="com.example.Test1"/>
</testsuite> <!-- com.example.Test1 -->
