<?xml version="1.0" encoding="UTF-8"?>
<!-- Generated by org.testng.reporters.JUnitReportReporter -->
<testsuite name="com.example.Group" tests="1" time="0.009" ignored="2" failures="0" timestamp="04 Aug 2021 09:46:39 GMT" skipped="0" hostname="LP-PF2YT3M4" errors="0">
  <testcase name="Sample3" time="0.009" classname="com.example.Group"/>
  <testcase name="Sample2" classname="com.example.Group">
    <skipped/>
  </testcase> <!-- Sample2 -->
  <testcase name="Sample1" classname="com.example.Group">
    <skipped/>
  </testcase> <!-- Sample1 -->
</testsuite> <!-- com.example.Group -->
