<?xml version="1.0" encoding="UTF-8"?>
<!-- Generated by org.testng.reporters.JUnitReportReporter -->
<testsuite name="com.example.Smoke" tests="3" time="0.010" ignored="0" failures="0" timestamp="13 Aug 2021 05:38:39 GMT" skipped="0" hostname="LP-PF2YT3M4" errors="0">
  <testcase name="Sample1" time="0.006" classname="com.example.Smoke"/>
  <testcase name="Sample2" time="0.002" classname="com.example.Smoke"/>
  <testcase name="Sample3" time="0.002" classname="com.example.Smoke"/>
</testsuite> <!-- com.example.Smoke -->
